# JRE version: OpenJDK Runtime Environment (17.0.10) (build 17.0.10+0--11609105)
# Java VM: OpenJDK 64-Bit Server VM (17.0.10+0--11609105, mixed mode, tiered, compressed oops, compressed class ptrs, g1 gc, windows-amd64)
GC Precious Log:
 CPUs: 8 total, 8 available
 Memory: 7502M
 Large Page Support: Disabled
 NUMA Support: Disabled
 Compressed Oops: Enabled (32-bit)
 Heap Region Size: 1M
 Heap Min Capacity: 8M
 Heap Initial Capacity: 118M
 Heap Max Capacity: 1876M
 Pre-touch: Disabled
 Parallel Workers: 8
 Concurrent Workers: 2
 Concurrent Refinement Workers: 8
 Periodic GC: Disabled
Heap:
 garbage-first heap   total 84992K, used 21806K [0x000000008ac00000, 0x0000000100000000)
  region size 1024K, 2 young (2048K), 2 survivors (2048K)
 Metaspace       used 45224K, committed 45440K, reserved 1114112K
  class space    used 5611K, committed 5696K, reserved 1048576K
GC Heap History (19 events):
Event: 0.523 GC heap before
{Heap before GC invocations=0 (full 0):
 garbage-first heap   total 120832K, used 27648K [0x000000008ac00000, 0x0000000100000000)
  region size 1024K, 23 young (23552K), 0 survivors (0K)
 Metaspace       used 13370K, committed 13440K, reserved 1114112K
  class space    used 1290K, committed 1344K, reserved 1048576K
}
Event: 0.527 GC heap after
{Heap after GC invocations=1 (full 0):
 garbage-first heap   total 120832K, used 6856K [0x000000008ac00000, 0x0000000100000000)
  region size 1024K, 3 young (3072K), 3 survivors (3072K)
 Metaspace       used 13370K, committed 13440K, reserved 1114112K
  class space    used 1290K, committed 1344K, reserved 1048576K
}
Event: 1.037 GC heap before
{Heap before GC invocations=1 (full 0):
 garbage-first heap   total 120832K, used 39624K [0x000000008ac00000, 0x0000000100000000)
  region size 1024K, 36 young (36864K), 3 survivors (3072K)
 Metaspace       used 21340K, committed 21504K, reserved 1114112K
  class space    used 2335K, committed 2432K, reserved 1048576K
}
Event: 1.046 GC heap after
{Heap after GC invocations=2 (full 0):
 garbage-first heap   total 120832K, used 10428K [0x000000008ac00000, 0x0000000100000000)
  region size 1024K, 4 young (4096K), 4 survivors (4096K)
 Metaspace       used 21340K, committed 21504K, reserved 1114112K
  class space    used 2335K, committed 2432K, reserved 1048576K
}
Event: 1.352 GC heap before
{Heap before GC invocations=3 (full 0):
 garbage-first heap   total 40960K, used 30908K [0x000000008ac00000, 0x0000000100000000)
  region size 1024K, 24 young (24576K), 4 survivors (4096K)
 Metaspace       used 27496K, committed 27712K, reserved 1114112K
  class space    used 3182K, committed 3264K, reserved 1048576K
}
Event: 1.358 GC heap after
{Heap after GC invocations=4 (full 0):
 garbage-first heap   total 40960K, used 11610K [0x000000008ac00000, 0x0000000100000000)
  region size 1024K, 2 young (2048K), 2 survivors (2048K)
 Metaspace       used 27496K, committed 27712K, reserved 1114112K
  class space    used 3182K, committed 3264K, reserved 1048576K
}
Event: 1.398 GC heap before
{Heap before GC invocations=4 (full 0):
 garbage-first heap   total 40960K, used 12634K [0x000000008ac00000, 0x0000000100000000)
  region size 1024K, 3 young (3072K), 2 survivors (2048K)
 Metaspace       used 28142K, committed 28352K, reserved 1114112K
  class space    used 3386K, committed 3456K, reserved 1048576K
}
Event: 1.402 GC heap after
{Heap after GC invocations=5 (full 0):
 garbage-first heap   total 40960K, used 11873K [0x000000008ac00000, 0x0000000100000000)
  region size 1024K, 1 young (1024K), 1 survivors (1024K)
 Metaspace       used 28142K, committed 28352K, reserved 1114112K
  class space    used 3386K, committed 3456K, reserved 1048576K
}
Event: 1.687 GC heap before
{Heap before GC invocations=5 (full 0):
 garbage-first heap   total 40960K, used 33377K [0x000000008ac00000, 0x0000000100000000)
  region size 1024K, 20 young (20480K), 1 survivors (1024K)
 Metaspace       used 30810K, committed 31104K, reserved 1114112K
  class space    used 4035K, committed 4160K, reserved 1048576K
}
Event: 1.694 GC heap after
{Heap after GC invocations=6 (full 0):
 garbage-first heap   total 40960K, used 18325K [0x000000008ac00000, 0x0000000100000000)
  region size 1024K, 3 young (3072K), 3 survivors (3072K)
 Metaspace       used 30810K, committed 31104K, reserved 1114112K
  class space    used 4035K, committed 4160K, reserved 1048576K
}
Event: 1.853 GC heap before
{Heap before GC invocations=6 (full 0):
 garbage-first heap   total 40960K, used 29589K [0x000000008ac00000, 0x0000000100000000)
  region size 1024K, 15 young (15360K), 3 survivors (3072K)
 Metaspace       used 34144K, committed 34368K, reserved 1114112K
  class space    used 4419K, committed 4544K, reserved 1048576K
}
Event: 1.857 GC heap after
{Heap after GC invocations=7 (full 0):
 garbage-first heap   total 54272K, used 19656K [0x000000008ac00000, 0x0000000100000000)
  region size 1024K, 2 young (2048K), 2 survivors (2048K)
 Metaspace       used 34144K, committed 34368K, reserved 1114112K
  class space    used 4419K, committed 4544K, reserved 1048576K
}
Event: 1.956 GC heap before
{Heap before GC invocations=7 (full 0):
 garbage-first heap   total 54272K, used 26824K [0x000000008ac00000, 0x0000000100000000)
  region size 1024K, 10 young (10240K), 2 survivors (2048K)
 Metaspace       used 35738K, committed 35968K, reserved 1114112K
  class space    used 4612K, committed 4736K, reserved 1048576K
}
Event: 1.959 GC heap after
{Heap after GC invocations=8 (full 0):
 garbage-first heap   total 54272K, used 18520K [0x000000008ac00000, 0x0000000100000000)
  region size 1024K, 3 young (3072K), 3 survivors (3072K)
 Metaspace       used 35738K, committed 35968K, reserved 1114112K
  class space    used 4612K, committed 4736K, reserved 1048576K
}
Event: 2.247 GC heap before
{Heap before GC invocations=9 (full 0):
 garbage-first heap   total 54272K, used 39000K [0x000000008ac00000, 0x0000000100000000)
  region size 1024K, 24 young (24576K), 3 survivors (3072K)
 Metaspace       used 40112K, committed 40384K, reserved 1114112K
  class space    used 4999K, committed 5120K, reserved 1048576K
}
Event: 2.252 GC heap after
{Heap after GC invocations=10 (full 0):
 garbage-first heap   total 54272K, used 20849K [0x000000008ac00000, 0x0000000100000000)
  region size 1024K, 3 young (3072K), 3 survivors (3072K)
 Metaspace       used 40112K, committed 40384K, reserved 1114112K
  class space    used 4999K, committed 5120K, reserved 1048576K
}
Event: 2.270 GC heap before
{Heap before GC invocations=10 (full 0):
 garbage-first heap   total 54272K, used 21873K [0x000000008ac00000, 0x0000000100000000)
  region size 1024K, 4 young (4096K), 3 survivors (3072K)
 Metaspace       used 40324K, committed 40512K, reserved 1114112K
  class space    used 5023K, committed 5120K, reserved 1048576K
}
Event: 2.273 GC heap after
{Heap after GC invocations=11 (full 0):
 garbage-first heap   total 54272K, used 20929K [0x000000008ac00000, 0x0000000100000000)
  region size 1024K, 1 young (1024K), 1 survivors (1024K)
 Metaspace       used 40324K, committed 40512K, reserved 1114112K
  class space    used 5023K, committed 5120K, reserved 1048576K
}
Event: 2.643 GC heap before
{Heap before GC invocations=11 (full 0):
 garbage-first heap   total 54272K, used 40385K [0x000000008ac00000, 0x0000000100000000)
  region size 1024K, 20 young (20480K), 1 survivors (1024K)
 Metaspace       used 45224K, committed 45440K, reserved 1114112K
  class space    used 5611K, committed 5696K, reserved 1048576K
}

