# JRE version: OpenJDK Runtime Environment (17.0.11) (build 17.0.11+0--11852314)
# Java VM: OpenJDK 64-Bit Server VM (17.0.11+0--11852314, mixed mode, tiered, compressed oops, compressed class ptrs, g1 gc, windows-amd64)
GC Precious Log:
 CPUs: 8 total, 8 available
 Memory: 7502M
 Large Page Support: Disabled
 NUMA Support: Disabled
 Compressed Oops: Enabled (32-bit)
 Heap Region Size: 1M
 Heap Min Capacity: 8M
 Heap Initial Capacity: 118M
 Heap Max Capacity: 2G
 Pre-touch: Disabled
 Parallel Workers: 8
 Concurrent Workers: 2
 Concurrent Refinement Workers: 8
 Periodic GC: Disabled
Heap:
 garbage-first heap   total 321536K, used 266044K [0x0000000080000000, 0x0000000100000000)
  region size 1024K, 3 young (3072K), 3 survivors (3072K)
 Metaspace       used 193637K, committed 194624K, reserved 1245184K
  class space    used 24939K, committed 25408K, reserved 1048576K
GC Heap History (20 events):
Event: 65.965 GC heap after
{Heap after GC invocations=104 (full 0):
 garbage-first heap   total 321536K, used 261749K [0x0000000080000000, 0x0000000100000000)
  region size 1024K, 3 young (3072K), 3 survivors (3072K)
 Metaspace       used 193635K, committed 194624K, reserved 1245184K
  class space    used 24939K, committed 25408K, reserved 1048576K
}
Event: 66.059 GC heap before
{Heap before GC invocations=104 (full 0):
 garbage-first heap   total 321536K, used 281205K [0x0000000080000000, 0x0000000100000000)
  region size 1024K, 22 young (22528K), 3 survivors (3072K)
 Metaspace       used 193635K, committed 194624K, reserved 1245184K
  class space    used 24939K, committed 25408K, reserved 1048576K
}
Event: 66.062 GC heap after
{Heap after GC invocations=105 (full 0):
 garbage-first heap   total 321536K, used 262712K [0x0000000080000000, 0x0000000100000000)
  region size 1024K, 3 young (3072K), 3 survivors (3072K)
 Metaspace       used 193635K, committed 194624K, reserved 1245184K
  class space    used 24939K, committed 25408K, reserved 1048576K
}
Event: 66.145 GC heap before
{Heap before GC invocations=105 (full 0):
 garbage-first heap   total 321536K, used 281144K [0x0000000080000000, 0x0000000100000000)
  region size 1024K, 21 young (21504K), 3 survivors (3072K)
 Metaspace       used 193635K, committed 194624K, reserved 1245184K
  class space    used 24939K, committed 25408K, reserved 1048576K
}
Event: 66.148 GC heap after
{Heap after GC invocations=106 (full 0):
 garbage-first heap   total 321536K, used 262996K [0x0000000080000000, 0x0000000100000000)
  region size 1024K, 3 young (3072K), 3 survivors (3072K)
 Metaspace       used 193635K, committed 194624K, reserved 1245184K
  class space    used 24939K, committed 25408K, reserved 1048576K
}
Event: 66.232 GC heap before
{Heap before GC invocations=106 (full 0):
 garbage-first heap   total 321536K, used 280404K [0x0000000080000000, 0x0000000100000000)
  region size 1024K, 20 young (20480K), 3 survivors (3072K)
 Metaspace       used 193635K, committed 194624K, reserved 1245184K
  class space    used 24939K, committed 25408K, reserved 1048576K
}
Event: 66.235 GC heap after
{Heap after GC invocations=107 (full 0):
 garbage-first heap   total 321536K, used 263375K [0x0000000080000000, 0x0000000100000000)
  region size 1024K, 3 young (3072K), 3 survivors (3072K)
 Metaspace       used 193635K, committed 194624K, reserved 1245184K
  class space    used 24939K, committed 25408K, reserved 1048576K
}
Event: 66.420 GC heap before
{Heap before GC invocations=107 (full 0):
 garbage-first heap   total 321536K, used 280783K [0x0000000080000000, 0x0000000100000000)
  region size 1024K, 20 young (20480K), 3 survivors (3072K)
 Metaspace       used 193635K, committed 194624K, reserved 1245184K
  class space    used 24939K, committed 25408K, reserved 1048576K
}
Event: 66.423 GC heap after
{Heap after GC invocations=108 (full 0):
 garbage-first heap   total 321536K, used 263741K [0x0000000080000000, 0x0000000100000000)
  region size 1024K, 3 young (3072K), 3 survivors (3072K)
 Metaspace       used 193635K, committed 194624K, reserved 1245184K
  class space    used 24939K, committed 25408K, reserved 1048576K
}
Event: 66.583 GC heap before
{Heap before GC invocations=108 (full 0):
 garbage-first heap   total 321536K, used 281149K [0x0000000080000000, 0x0000000100000000)
  region size 1024K, 20 young (20480K), 3 survivors (3072K)
 Metaspace       used 193637K, committed 194624K, reserved 1245184K
  class space    used 24939K, committed 25408K, reserved 1048576K
}
Event: 66.585 GC heap after
{Heap after GC invocations=109 (full 0):
 garbage-first heap   total 321536K, used 264127K [0x0000000080000000, 0x0000000100000000)
  region size 1024K, 3 young (3072K), 3 survivors (3072K)
 Metaspace       used 193637K, committed 194624K, reserved 1245184K
  class space    used 24939K, committed 25408K, reserved 1048576K
}
Event: 66.792 GC heap before
{Heap before GC invocations=109 (full 0):
 garbage-first heap   total 321536K, used 280511K [0x0000000080000000, 0x0000000100000000)
  region size 1024K, 19 young (19456K), 3 survivors (3072K)
 Metaspace       used 193637K, committed 194624K, reserved 1245184K
  class space    used 24939K, committed 25408K, reserved 1048576K
}
Event: 66.794 GC heap after
{Heap after GC invocations=110 (full 0):
 garbage-first heap   total 321536K, used 264597K [0x0000000080000000, 0x0000000100000000)
  region size 1024K, 3 young (3072K), 3 survivors (3072K)
 Metaspace       used 193637K, committed 194624K, reserved 1245184K
  class space    used 24939K, committed 25408K, reserved 1048576K
}
Event: 66.956 GC heap before
{Heap before GC invocations=110 (full 0):
 garbage-first heap   total 321536K, used 280981K [0x0000000080000000, 0x0000000100000000)
  region size 1024K, 19 young (19456K), 3 survivors (3072K)
 Metaspace       used 193637K, committed 194624K, reserved 1245184K
  class space    used 24939K, committed 25408K, reserved 1048576K
}
Event: 66.959 GC heap after
{Heap after GC invocations=111 (full 0):
 garbage-first heap   total 321536K, used 265158K [0x0000000080000000, 0x0000000100000000)
  region size 1024K, 3 young (3072K), 3 survivors (3072K)
 Metaspace       used 193637K, committed 194624K, reserved 1245184K
  class space    used 24939K, committed 25408K, reserved 1048576K
}
Event: 67.063 GC heap before
{Heap before GC invocations=111 (full 0):
 garbage-first heap   total 321536K, used 280518K [0x0000000080000000, 0x0000000100000000)
  region size 1024K, 18 young (18432K), 3 survivors (3072K)
 Metaspace       used 193637K, committed 194624K, reserved 1245184K
  class space    used 24939K, committed 25408K, reserved 1048576K
}
Event: 67.065 GC heap after
{Heap after GC invocations=112 (full 0):
 garbage-first heap   total 321536K, used 265487K [0x0000000080000000, 0x0000000100000000)
  region size 1024K, 3 young (3072K), 3 survivors (3072K)
 Metaspace       used 193637K, committed 194624K, reserved 1245184K
  class space    used 24939K, committed 25408K, reserved 1048576K
}
Event: 67.155 GC heap before
{Heap before GC invocations=112 (full 0):
 garbage-first heap   total 321536K, used 280847K [0x0000000080000000, 0x0000000100000000)
  region size 1024K, 18 young (18432K), 3 survivors (3072K)
 Metaspace       used 193637K, committed 194624K, reserved 1245184K
  class space    used 24939K, committed 25408K, reserved 1048576K
}
Event: 67.158 GC heap after
{Heap after GC invocations=113 (full 0):
 garbage-first heap   total 321536K, used 265818K [0x0000000080000000, 0x0000000100000000)
  region size 1024K, 3 young (3072K), 3 survivors (3072K)
 Metaspace       used 193637K, committed 194624K, reserved 1245184K
  class space    used 24939K, committed 25408K, reserved 1048576K
}
Event: 67.232 GC heap before
{Heap before GC invocations=113 (full 0):
 garbage-first heap   total 321536K, used 282202K [0x0000000080000000, 0x0000000100000000)
  region size 1024K, 19 young (19456K), 3 survivors (3072K)
 Metaspace       used 193637K, committed 194624K, reserved 1245184K
  class space    used 24939K, committed 25408K, reserved 1048576K
}

