# JRE version: OpenJDK Runtime Environment (17.0.11) (build 17.0.11+0--11852314)
# Java VM: OpenJDK 64-Bit Server VM (17.0.11+0--11852314, mixed mode, tiered, compressed oops, compressed class ptrs, g1 gc, windows-amd64)
GC Precious Log:
 CPUs: 8 total, 8 available
 Memory: 7502M
 Large Page Support: Disabled
 NUMA Support: Disabled
 Compressed Oops: Enabled (32-bit)
 Heap Region Size: 1M
 Heap Min Capacity: 8M
 Heap Initial Capacity: 118M
 Heap Max Capacity: 2G
 Pre-touch: Disabled
 Parallel Workers: 8
 Concurrent Workers: 2
 Concurrent Refinement Workers: 8
 Periodic GC: Disabled
Heap:
 garbage-first heap   total 311296K, used 170027K [0x0000000080000000, 0x0000000100000000)
  region size 1024K, 10 young (10240K), 10 survivors (10240K)
 Metaspace       used 136078K, committed 136832K, reserved 1179648K
  class space    used 17377K, committed 17728K, reserved 1048576K
GC Heap History (20 events):
Event: 17.403 GC heap after
{Heap after GC invocations=37 (full 0):
 garbage-first heap   total 306176K, used 97081K [0x0000000080000000, 0x0000000100000000)
  region size 1024K, 7 young (7168K), 7 survivors (7168K)
 Metaspace       used 84820K, committed 85440K, reserved 1179648K
  class space    used 11409K, committed 11712K, reserved 1048576K
}
Event: 20.333 GC heap before
{Heap before GC invocations=37 (full 0):
 garbage-first heap   total 306176K, used 219961K [0x0000000080000000, 0x0000000100000000)
  region size 1024K, 127 young (130048K), 7 survivors (7168K)
 Metaspace       used 94215K, committed 94848K, reserved 1179648K
  class space    used 12515K, committed 12800K, reserved 1048576K
}
Event: 20.344 GC heap after
{Heap after GC invocations=38 (full 0):
 garbage-first heap   total 306176K, used 105521K [0x0000000080000000, 0x0000000100000000)
  region size 1024K, 15 young (15360K), 15 survivors (15360K)
 Metaspace       used 94215K, committed 94848K, reserved 1179648K
  class space    used 12515K, committed 12800K, reserved 1048576K
}
Event: 23.369 GC heap before
{Heap before GC invocations=38 (full 0):
 garbage-first heap   total 306176K, used 237617K [0x0000000080000000, 0x0000000100000000)
  region size 1024K, 144 young (147456K), 15 survivors (15360K)
 Metaspace       used 111642K, committed 112256K, reserved 1179648K
  class space    used 14351K, committed 14656K, reserved 1048576K
}
Event: 23.384 GC heap after
{Heap after GC invocations=39 (full 0):
 garbage-first heap   total 306176K, used 111279K [0x0000000080000000, 0x0000000100000000)
  region size 1024K, 14 young (14336K), 14 survivors (14336K)
 Metaspace       used 111642K, committed 112256K, reserved 1179648K
  class space    used 14351K, committed 14656K, reserved 1048576K
}
Event: 24.265 GC heap before
{Heap before GC invocations=39 (full 0):
 garbage-first heap   total 306176K, used 145071K [0x0000000080000000, 0x0000000100000000)
  region size 1024K, 48 young (49152K), 14 survivors (14336K)
 Metaspace       used 113996K, committed 114624K, reserved 1179648K
  class space    used 14630K, committed 14912K, reserved 1048576K
}
Event: 24.282 GC heap after
{Heap after GC invocations=40 (full 0):
 garbage-first heap   total 306176K, used 114915K [0x0000000080000000, 0x0000000100000000)
  region size 1024K, 9 young (9216K), 9 survivors (9216K)
 Metaspace       used 113996K, committed 114624K, reserved 1179648K
  class space    used 14630K, committed 14912K, reserved 1048576K
}
Event: 26.914 GC heap before
{Heap before GC invocations=41 (full 0):
 garbage-first heap   total 306176K, used 248035K [0x0000000080000000, 0x0000000100000000)
  region size 1024K, 138 young (141312K), 9 survivors (9216K)
 Metaspace       used 122357K, committed 123072K, reserved 1179648K
  class space    used 15834K, committed 16192K, reserved 1048576K
}
Event: 26.921 GC heap after
{Heap after GC invocations=42 (full 0):
 garbage-first heap   total 306176K, used 114840K [0x0000000080000000, 0x0000000100000000)
  region size 1024K, 9 young (9216K), 9 survivors (9216K)
 Metaspace       used 122357K, committed 123072K, reserved 1179648K
  class space    used 15834K, committed 16192K, reserved 1048576K
}
Event: 27.186 GC heap before
{Heap before GC invocations=42 (full 0):
 garbage-first heap   total 306176K, used 118936K [0x0000000080000000, 0x0000000100000000)
  region size 1024K, 14 young (14336K), 9 survivors (9216K)
 Metaspace       used 122798K, committed 123520K, reserved 1179648K
  class space    used 15883K, committed 16256K, reserved 1048576K
}
Event: 27.204 GC heap after
{Heap after GC invocations=43 (full 0):
 garbage-first heap   total 306176K, used 115386K [0x0000000080000000, 0x0000000100000000)
  region size 1024K, 2 young (2048K), 2 survivors (2048K)
 Metaspace       used 122798K, committed 123520K, reserved 1179648K
  class space    used 15883K, committed 16256K, reserved 1048576K
}
Event: 30.437 GC heap before
{Heap before GC invocations=43 (full 0):
 garbage-first heap   total 306176K, used 251578K [0x0000000080000000, 0x0000000100000000)
  region size 1024K, 134 young (137216K), 2 survivors (2048K)
 Metaspace       used 130278K, committed 131008K, reserved 1179648K
  class space    used 16749K, committed 17088K, reserved 1048576K
}
Event: 30.450 GC heap after
{Heap after GC invocations=44 (full 0):
 garbage-first heap   total 306176K, used 120976K [0x0000000080000000, 0x0000000100000000)
  region size 1024K, 8 young (8192K), 8 survivors (8192K)
 Metaspace       used 130278K, committed 131008K, reserved 1179648K
  class space    used 16749K, committed 17088K, reserved 1048576K
}
Event: 31.306 GC heap before
{Heap before GC invocations=44 (full 0):
 garbage-first heap   total 306176K, used 166032K [0x0000000080000000, 0x0000000100000000)
  region size 1024K, 54 young (55296K), 8 survivors (8192K)
 Metaspace       used 130701K, committed 131392K, reserved 1179648K
  class space    used 16768K, committed 17088K, reserved 1048576K
}
Event: 31.313 GC heap after
{Heap after GC invocations=45 (full 0):
 garbage-first heap   total 306176K, used 124035K [0x0000000080000000, 0x0000000100000000)
  region size 1024K, 11 young (11264K), 11 survivors (11264K)
 Metaspace       used 130701K, committed 131392K, reserved 1179648K
  class space    used 16768K, committed 17088K, reserved 1048576K
}
Event: 32.775 GC heap before
{Heap before GC invocations=46 (full 0):
 garbage-first heap   total 306176K, used 273539K [0x0000000080000000, 0x0000000100000000)
  region size 1024K, 137 young (140288K), 11 survivors (11264K)
 Metaspace       used 130816K, committed 131520K, reserved 1179648K
  class space    used 16768K, committed 17088K, reserved 1048576K
}
Event: 32.831 GC heap after
{Heap after GC invocations=47 (full 0):
 garbage-first heap   total 311296K, used 157178K [0x0000000080000000, 0x0000000100000000)
  region size 1024K, 18 young (18432K), 18 survivors (18432K)
 Metaspace       used 130816K, committed 131520K, reserved 1179648K
  class space    used 16768K, committed 17088K, reserved 1048576K
}
Event: 32.842 GC heap before
{Heap before GC invocations=47 (full 0):
 garbage-first heap   total 311296K, used 158202K [0x0000000080000000, 0x0000000100000000)
  region size 1024K, 19 young (19456K), 18 survivors (18432K)
 Metaspace       used 130816K, committed 131520K, reserved 1179648K
  class space    used 16768K, committed 17088K, reserved 1048576K
}
Event: 32.854 GC heap after
{Heap after GC invocations=48 (full 0):
 garbage-first heap   total 311296K, used 156330K [0x0000000080000000, 0x0000000100000000)
  region size 1024K, 3 young (3072K), 3 survivors (3072K)
 Metaspace       used 130816K, committed 131520K, reserved 1179648K
  class space    used 16768K, committed 17088K, reserved 1048576K
}
Event: 35.422 GC heap before
{Heap before GC invocations=48 (full 0):
 garbage-first heap   total 311296K, used 254634K [0x0000000080000000, 0x0000000100000000)
  region size 1024K, 93 young (95232K), 3 survivors (3072K)
 Metaspace       used 136078K, committed 136832K, reserved 1179648K
  class space    used 17377K, committed 17728K, reserved 1048576K
}

